ISim log file
Running: C:\Users\XergioAleX\Documents\Xilinx Projects\Multiplexor\tb_Multiplexor_isim_beh.exe -gui -tclbatch isim.cmd -wdb C:/Users/XergioAleX/Documents/Xilinx Projects/Multiplexor/tb_Multiplexor_isim_beh.wdb 
ISim M.81d (signature 0x12940baa)
----------------------------------------------------------------------
INFO:Security:61 - The XILINXD_LICENSE_FILE environment variable is not set.
INFO:Security:63 - The LM_LICENSE_FILE environment variable is not set.
INFO:Security:68 - Please run the Xilinx License Configuration Manager
       (xlcm or "Manage Xilinx Licenses")
       to assist in obtaining a license.
ERROR:Security:14 - No feature was available for 'ISIM'.

Invalid host.
 The hostid of this system does not match the hostid
 specified in the license file.
Feature:       ISIM
Hostid:        DISK_SERIAL_NUM=14947b00
License path:  C:/.Xilinx\Xilinx.lic;C:\Xilinx\12.4\ISE_DS\ISE\/data\*.lic;C:\Xilinx\12.4\ISE_DS\ISE\/coregen/core_licenses\Xilinx.lic;C:\Xilinx\12.4\ISE_DS\ISE\/coregen/core_licenses\XilinxFree.lic;C:\Xilinx\12.4\ISE_DS\EDK/data/core_licenses\Xilinx.lic;
FLEXnet Licensing error:-9,57
For further information, refer to the FLEXnet Licensing documentation,
available at "www.acresso.com".
----------------------------------------------------------------------
WARNING: A full ISim License cannot be checked out due to the issues listed above. Please use Xilinx License Configuration Manager to fix these issues in order to check out a full ISim license.
WARNING: ISim will run in Lite mode. Please refer to the ISim documentation for more information on the differences between the Lite and the Full version.
This is a Lite version of ISim.
Time resolution is 1 ps
# onerror resume
# wave add /
# run 1000 ns
Simulator is doing circuit initialization process.
Finished circuit initialization process.
