Release 12.1 - xst M.53d (nt)
Copyright (c) 1995-2010 Xilinx, Inc.  All rights reserved.
--> Parameter TMPDIR set to xst/projnav.tmp


Total REAL time to Xst completion: 0.00 secs
Total CPU time to Xst completion: 0.19 secs
 
--> Parameter xsthdpdir set to xst


Total REAL time to Xst completion: 0.00 secs
Total CPU time to Xst completion: 0.19 secs
 
--> Reading design: RegisterFile.prj

TABLE OF CONTENTS
  1) Synthesis Options Summary
  2) HDL Compilation
  3) Design Hierarchy Analysis
  4) HDL Analysis
  5) HDL Synthesis
     5.1) HDL Synthesis Report
  6) Advanced HDL Synthesis
     6.1) Advanced HDL Synthesis Report
  7) Low Level Synthesis
  8) Partition Report
  9) Final Report
	9.1) Device utilization summary
	9.2) Partition Resource Summary
	9.3) TIMING REPORT


=========================================================================
*                      Synthesis Options Summary                        *
=========================================================================
---- Source Parameters
Input File Name                    : "RegisterFile.prj"
Input Format                       : mixed
Ignore Synthesis Constraint File   : NO

---- Target Parameters
Output File Name                   : "RegisterFile"
Output Format                      : NGC
Target Device                      : xc5vlx110t-1-ff1136

---- Source Options
Top Module Name                    : RegisterFile
Automatic FSM Extraction           : YES
FSM Encoding Algorithm             : Auto
Safe Implementation                : No
FSM Style                          : lut
RAM Extraction                     : Yes
RAM Style                          : Auto
ROM Extraction                     : Yes
Mux Style                          : Auto
Decoder Extraction                 : YES
Priority Encoder Extraction        : YES
Shift Register Extraction          : YES
Logical Shifter Extraction         : YES
XOR Collapsing                     : YES
ROM Style                          : Auto
Mux Extraction                     : YES
Resource Sharing                   : YES
Asynchronous To Synchronous        : NO
Use DSP Block                      : auto
Automatic Register Balancing       : No

---- Target Options
LUT Combining                      : off
Reduce Control Sets                : off
Add IO Buffers                     : YES
Global Maximum Fanout              : 100000
Add Generic Clock Buffer(BUFG)     : 32
Register Duplication               : YES
Slice Packing                      : YES
Optimize Instantiated Primitives   : NO
Use Clock Enable                   : Auto
Use Synchronous Set                : Auto
Use Synchronous Reset              : Auto
Pack IO Registers into IOBs        : auto
Equivalent register Removal        : YES

---- General Options
Optimization Goal                  : Speed
Optimization Effort                : 1
Power Reduction                    : NO
Library Search Order               : RegisterFile.lso
Keep Hierarchy                     : NO
Netlist Hierarchy                  : as_optimized
RTL Output                         : Yes
Global Optimization                : AllClockNets
Read Cores                         : YES
Write Timing Constraints           : NO
Cross Clock Analysis               : NO
Hierarchy Separator                : /
Bus Delimiter                      : <>
Case Specifier                     : maintain
Slice Utilization Ratio            : 100
BRAM Utilization Ratio             : 100
DSP48 Utilization Ratio            : 100
Verilog 2001                       : YES
Auto BRAM Packing                  : NO
Slice Utilization Ratio Delta      : 5

=========================================================================


=========================================================================
*                          HDL Compilation                              *
=========================================================================
Compiling verilog file "RegisterFile.v" in library work
Module <decodifi> compiled
Module <Multiplexor> compiled
Module <Registro> compiled
Module <RegisterFile> compiled
No errors in compilation
Analysis of file <"RegisterFile.prj"> succeeded.
 

=========================================================================
*                     Design Hierarchy Analysis                         *
=========================================================================
Analyzing hierarchy for module <RegisterFile> in library <work>.

Analyzing hierarchy for module <decodifi> in library <work>.

Analyzing hierarchy for module <Registro> in library <work>.

Analyzing hierarchy for module <Multiplexor> in library <work>.


=========================================================================
*                            HDL Analysis                               *
=========================================================================
Analyzing top module <RegisterFile>.
Module <RegisterFile> is correct for synthesis.
 
Analyzing module <decodifi> in library <work>.
Module <decodifi> is correct for synthesis.
 
Analyzing module <Registro> in library <work>.
Module <Registro> is correct for synthesis.
 
Analyzing module <Multiplexor> in library <work>.
Module <Multiplexor> is correct for synthesis.
 

=========================================================================
*                           HDL Synthesis                               *
=========================================================================

Performing bidirectional port resolution...

Synthesizing Unit <decodifi>.
    Related source file is "RegisterFile.v".
WARNING:Xst:737 - Found 1-bit latch for signal <s1>. Latches may be generated from incomplete case or if statements. We do not recommend the use of latches in FPGA/CPLD designs, as they may lead to timing problems.
WARNING:Xst:737 - Found 1-bit latch for signal <s2>. Latches may be generated from incomplete case or if statements. We do not recommend the use of latches in FPGA/CPLD designs, as they may lead to timing problems.
WARNING:Xst:737 - Found 1-bit latch for signal <s3>. Latches may be generated from incomplete case or if statements. We do not recommend the use of latches in FPGA/CPLD designs, as they may lead to timing problems.
WARNING:Xst:737 - Found 1-bit latch for signal <s4>. Latches may be generated from incomplete case or if statements. We do not recommend the use of latches in FPGA/CPLD designs, as they may lead to timing problems.
    Found 4x4-bit ROM for signal <rw$rom0000>.
    Summary:
	inferred   1 ROM(s).
Unit <decodifi> synthesized.


Synthesizing Unit <Registro>.
    Related source file is "RegisterFile.v".
    Found 4-bit register for signal <s>.
    Summary:
	inferred   4 D-type flip-flop(s).
Unit <Registro> synthesized.


Synthesizing Unit <Multiplexor>.
    Related source file is "RegisterFile.v".
Unit <Multiplexor> synthesized.


Synthesizing Unit <RegisterFile>.
    Related source file is "RegisterFile.v".
Unit <RegisterFile> synthesized.


=========================================================================
HDL Synthesis Report

Macro Statistics
# ROMs                                                 : 1
 4x4-bit ROM                                           : 1
# Registers                                            : 4
 4-bit register                                        : 4
# Latches                                              : 4
 1-bit latch                                           : 4

=========================================================================

=========================================================================
*                       Advanced HDL Synthesis                          *
=========================================================================


=========================================================================
Advanced HDL Synthesis Report

Macro Statistics
# ROMs                                                 : 1
 4x4-bit ROM                                           : 1
# Registers                                            : 16
 Flip-Flops                                            : 16
# Latches                                              : 4
 1-bit latch                                           : 4

=========================================================================

=========================================================================
*                         Low Level Synthesis                           *
=========================================================================

Optimizing unit <RegisterFile> ...

Mapping all equations...
Building and optimizing final netlist ...
Found area constraint ratio of 100 (+ 5) on block RegisterFile, actual ratio is 0.

Final Macro Processing ...

=========================================================================
Final Register Report

Macro Statistics
# Registers                                            : 16
 Flip-Flops                                            : 16

=========================================================================

=========================================================================
*                           Partition Report                            *
=========================================================================

Partition Implementation Status
-------------------------------

  No Partitions were found in this design.

-------------------------------

=========================================================================
*                            Final Report                               *
=========================================================================
Final Results
RTL Top Level Output File Name     : RegisterFile.ngr
Top Level Output File Name         : RegisterFile
Output Format                      : NGC
Optimization Goal                  : Speed
Keep Hierarchy                     : NO

Design Statistics
# IOs                              : 20

Cell Usage :
# BELS                             : 12
#      LUT2                        : 4
#      LUT6                        : 8
# FlipFlops/Latches                : 20
#      FDE                         : 16
#      LD                          : 4
# Clock Buffers                    : 2
#      BUFGP                       : 2
# IO Buffers                       : 18
#      IBUF                        : 10
#      OBUF                        : 8
=========================================================================

Device utilization summary:
---------------------------

Selected Device : 5vlx110tff1136-1 


Slice Logic Utilization: 
 Number of Slice Registers:              20  out of  69120     0%  
 Number of Slice LUTs:                   12  out of  69120     0%  
    Number used as Logic:                12  out of  69120     0%  

Slice Logic Distribution: 
 Number of LUT Flip Flop pairs used:     20
   Number with an unused Flip Flop:       0  out of     20     0%  
   Number with an unused LUT:             8  out of     20    40%  
   Number of fully used LUT-FF pairs:    12  out of     20    60%  
   Number of unique control sets:         5

IO Utilization: 
 Number of IOs:                          20
 Number of bonded IOBs:                  20  out of    640     3%  

Specific Feature Utilization:
 Number of BUFG/BUFGCTRLs:                2  out of     32     6%  

---------------------------
Partition Resource Summary:
---------------------------

  No Partitions were found in this design.

---------------------------


=========================================================================
TIMING REPORT

NOTE: THESE TIMING NUMBERS ARE ONLY A SYNTHESIS ESTIMATE.
      FOR ACCURATE TIMING INFORMATION PLEASE REFER TO THE TRACE REPORT
      GENERATED AFTER PLACE-and-ROUTE.

Clock Information:
------------------
-----------------------------------+------------------------+-------+
Clock Signal                       | Clock buffer(FF name)  | Load  |
-----------------------------------+------------------------+-------+
RG_WE                              | BUFGP                  | 4     |
CLK                                | BUFGP                  | 16    |
-----------------------------------+------------------------+-------+

Asynchronous Control Signals Information:
----------------------------------------
No asynchronous control signals found in this design

Timing Summary:
---------------
Speed Grade: -1

   Minimum period: No path found
   Minimum input arrival time before clock: 1.504ns
   Maximum output required time after clock: 4.331ns
   Maximum combinational path delay: 4.785ns

Timing Detail:
--------------
All values displayed in nanoseconds (ns)

=========================================================================
Timing constraint: Default OFFSET IN BEFORE for Clock 'RG_WE'
  Total number of paths / destination ports: 8 / 4
-------------------------------------------------------------------------
Offset:              1.504ns (Levels of Logic = 2)
  Source:            RW<1> (PAD)
  Destination:       DEC/s1 (LATCH)
  Destination Clock: RG_WE falling

  Data Path: RW<1> to DEC/s1
                                Gate     Net
    Cell:in->out      fanout   Delay   Delay  Logical Name (Net Name)
    ----------------------------------------  ------------
     IBUF:I->O             4   0.818   0.592  RW_1_IBUF (RW_1_IBUF)
     LUT2:I0->O            1   0.094   0.000  DEC/Mrom_rw_rom000031 (DEC/Mrom_rw_rom00003)
     LD:D                     -0.071          DEC/s1
    ----------------------------------------
    Total                      1.504ns (0.912ns logic, 0.592ns route)
                                       (60.6% logic, 39.4% route)

=========================================================================
Timing constraint: Default OFFSET IN BEFORE for Clock 'CLK'
  Total number of paths / destination ports: 16 / 16
-------------------------------------------------------------------------
Offset:              1.170ns (Levels of Logic = 1)
  Source:            DW<0> (PAD)
  Destination:       R4/s_0 (FF)
  Destination Clock: CLK rising

  Data Path: DW<0> to R4/s_0
                                Gate     Net
    Cell:in->out      fanout   Delay   Delay  Logical Name (Net Name)
    ----------------------------------------  ------------
     IBUF:I->O             4   0.818   0.352  DW_0_IBUF (DW_0_IBUF)
     FDE:D                    -0.018          R4/s_0
    ----------------------------------------
    Total                      1.170ns (0.818ns logic, 0.352ns route)
                                       (69.9% logic, 30.1% route)

=========================================================================
Timing constraint: Default OFFSET OUT AFTER for Clock 'CLK'
  Total number of paths / destination ports: 32 / 8
-------------------------------------------------------------------------
Offset:              4.331ns (Levels of Logic = 2)
  Source:            R3/s_0 (FF)
  Destination:       CRS<0> (PAD)
  Source Clock:      CLK rising

  Data Path: R3/s_0 to CRS<0>
                                Gate     Net
    Cell:in->out      fanout   Delay   Delay  Logical Name (Net Name)
    ----------------------------------------  ------------
     FDE:C->Q              2   0.471   0.978  R3/s_0 (R3/s_0)
     LUT6:I1->O            1   0.094   0.336  M2/s<0>1 (CRT_0_OBUF)
     OBUF:I->O                 2.452          CRT_0_OBUF (CRT<0>)
    ----------------------------------------
    Total                      4.331ns (3.017ns logic, 1.314ns route)
                                       (69.7% logic, 30.3% route)

=========================================================================
Timing constraint: Default path analysis
  Total number of paths / destination ports: 16 / 8
-------------------------------------------------------------------------
Delay:               4.785ns (Levels of Logic = 3)
  Source:            RS<1> (PAD)
  Destination:       CRS<0> (PAD)

  Data Path: RS<1> to CRS<0>
                                Gate     Net
    Cell:in->out      fanout   Delay   Delay  Logical Name (Net Name)
    ----------------------------------------  ------------
     IBUF:I->O             4   0.818   1.085  RS_1_IBUF (RS_1_IBUF)
     LUT6:I0->O            1   0.094   0.336  M1/s<3>1 (CRS_3_OBUF)
     OBUF:I->O                 2.452          CRS_3_OBUF (CRS<3>)
    ----------------------------------------
    Total                      4.785ns (3.364ns logic, 1.421ns route)
                                       (70.3% logic, 29.7% route)

=========================================================================


Total REAL time to Xst completion: 10.00 secs
Total CPU time to Xst completion: 9.56 secs
 
--> 

Total memory usage is 201936 kilobytes

Number of errors   :    0 (   0 filtered)
Number of warnings :    4 (   0 filtered)
Number of infos    :    0 (   0 filtered)

