Release 12.4 - xst M.81d (nt64)
Copyright (c) 1995-2010 Xilinx, Inc.  All rights reserved.
--> Parameter TMPDIR set to xst/projnav.tmp


Total REAL time to Xst completion: 0.00 secs
Total CPU time to Xst completion: 0.22 secs
 
--> Parameter xsthdpdir set to xst


Total REAL time to Xst completion: 0.00 secs
Total CPU time to Xst completion: 0.22 secs
 
--> Reading design: RegisterFile_Comportamental.prj

TABLE OF CONTENTS
  1) Synthesis Options Summary
  2) HDL Compilation
  3) Design Hierarchy Analysis
  4) HDL Analysis
  5) HDL Synthesis
     5.1) HDL Synthesis Report
  6) Advanced HDL Synthesis
     6.1) Advanced HDL Synthesis Report
  7) Low Level Synthesis
  8) Partition Report
  9) Final Report
	9.1) Device utilization summary
	9.2) Partition Resource Summary
	9.3) TIMING REPORT


=========================================================================
*                      Synthesis Options Summary                        *
=========================================================================
---- Source Parameters
Input File Name                    : "RegisterFile_Comportamental.prj"
Input Format                       : mixed
Ignore Synthesis Constraint File   : NO

---- Target Parameters
Output File Name                   : "RegisterFile_Comportamental"
Output Format                      : NGC
Target Device                      : xc5vlx110t-1-ff1136

---- Source Options
Top Module Name                    : RegisterFile_Comportamental
Automatic FSM Extraction           : YES
FSM Encoding Algorithm             : Auto
Safe Implementation                : No
FSM Style                          : LUT
RAM Extraction                     : Yes
RAM Style                          : Auto
ROM Extraction                     : Yes
Mux Style                          : Auto
Decoder Extraction                 : YES
Priority Encoder Extraction        : Yes
Shift Register Extraction          : YES
Logical Shifter Extraction         : YES
XOR Collapsing                     : YES
ROM Style                          : Auto
Mux Extraction                     : Yes
Resource Sharing                   : YES
Asynchronous To Synchronous        : NO
Use DSP Block                      : Auto
Automatic Register Balancing       : No

---- Target Options
LUT Combining                      : Off
Reduce Control Sets                : Off
Add IO Buffers                     : YES
Global Maximum Fanout              : 100000
Add Generic Clock Buffer(BUFG)     : 32
Register Duplication               : YES
Slice Packing                      : YES
Optimize Instantiated Primitives   : NO
Use Clock Enable                   : Auto
Use Synchronous Set                : Auto
Use Synchronous Reset              : Auto
Pack IO Registers into IOBs        : Auto
Equivalent register Removal        : YES

---- General Options
Optimization Goal                  : Speed
Optimization Effort                : 1
Power Reduction                    : NO
Keep Hierarchy                     : No
Netlist Hierarchy                  : As_Optimized
RTL Output                         : Yes
Global Optimization                : AllClockNets
Read Cores                         : YES
Write Timing Constraints           : NO
Cross Clock Analysis               : NO
Hierarchy Separator                : /
Bus Delimiter                      : <>
Case Specifier                     : Maintain
Slice Utilization Ratio            : 100
BRAM Utilization Ratio             : 100
DSP48 Utilization Ratio            : 100
Verilog 2001                       : YES
Auto BRAM Packing                  : NO
Slice Utilization Ratio Delta      : 5

=========================================================================


=========================================================================
*                          HDL Compilation                              *
=========================================================================
Compiling verilog file "RegisterFile_Comportamental.v" in library work
Module <RegisterFile_Comportamental> compiled
No errors in compilation
Analysis of file <"RegisterFile_Comportamental.prj"> succeeded.
 

=========================================================================
*                     Design Hierarchy Analysis                         *
=========================================================================
Analyzing hierarchy for module <RegisterFile_Comportamental> in library <work>.


=========================================================================
*                            HDL Analysis                               *
=========================================================================
Analyzing top module <RegisterFile_Comportamental>.
Module <RegisterFile_Comportamental> is correct for synthesis.
 

=========================================================================
*                           HDL Synthesis                               *
=========================================================================

Performing bidirectional port resolution...

Synthesizing Unit <RegisterFile_Comportamental>.
    Related source file is "RegisterFile_Comportamental.v".
WARNING:Xst:646 - Signal <s4> is assigned but never used. This unconnected signal will be trimmed during the optimization process.
WARNING:Xst:646 - Signal <s3> is assigned but never used. This unconnected signal will be trimmed during the optimization process.
WARNING:Xst:646 - Signal <s2> is assigned but never used. This unconnected signal will be trimmed during the optimization process.
WARNING:Xst:646 - Signal <s1> is assigned but never used. This unconnected signal will be trimmed during the optimization process.
    Found 4x4-bit ROM for signal <RW$rom0000>.
    Found 4-bit register for signal <CRS>.
    Found 4-bit register for signal <CRT>.
    Found 4-bit register for signal <r0>.
    Found 4-bit register for signal <r1>.
    Found 4-bit register for signal <r2>.
    Found 4-bit register for signal <r3>.
    Summary:
	inferred   1 ROM(s).
	inferred  24 D-type flip-flop(s).
Unit <RegisterFile_Comportamental> synthesized.


=========================================================================
HDL Synthesis Report

Macro Statistics
# ROMs                                                 : 1
 4x4-bit ROM                                           : 1
# Registers                                            : 6
 4-bit register                                        : 6

=========================================================================

=========================================================================
*                       Advanced HDL Synthesis                          *
=========================================================================


=========================================================================
Advanced HDL Synthesis Report

Macro Statistics
# ROMs                                                 : 1
 4x4-bit ROM                                           : 1
# Registers                                            : 24
 Flip-Flops                                            : 24

=========================================================================

=========================================================================
*                         Low Level Synthesis                           *
=========================================================================

Optimizing unit <RegisterFile_Comportamental> ...

Mapping all equations...
Building and optimizing final netlist ...
Found area constraint ratio of 100 (+ 5) on block RegisterFile_Comportamental, actual ratio is 0.

Final Macro Processing ...

=========================================================================
Final Register Report

Macro Statistics
# Registers                                            : 24
 Flip-Flops                                            : 24

=========================================================================

=========================================================================
*                           Partition Report                            *
=========================================================================

Partition Implementation Status
-------------------------------

  No Partitions were found in this design.

-------------------------------

=========================================================================
*                            Final Report                               *
=========================================================================
Final Results
RTL Top Level Output File Name     : RegisterFile_Comportamental.ngr
Top Level Output File Name         : RegisterFile_Comportamental
Output Format                      : NGC
Optimization Goal                  : Speed
Keep Hierarchy                     : No

Design Statistics
# IOs                              : 20

Cell Usage :
# BELS                             : 28
#      LUT3                        : 4
#      LUT6                        : 16
#      MUXF7                       : 8
# FlipFlops/Latches                : 24
#      FDE                         : 24
# Clock Buffers                    : 1
#      BUFGP                       : 1
# IO Buffers                       : 19
#      IBUF                        : 11
#      OBUF                        : 8
=========================================================================

Device utilization summary:
---------------------------

Selected Device : 5vlx110tff1136-1 


Slice Logic Utilization: 
 Number of Slice Registers:              24  out of  69120     0%  
 Number of Slice LUTs:                   20  out of  69120     0%  
    Number used as Logic:                20  out of  69120     0%  

Slice Logic Distribution: 
 Number of LUT Flip Flop pairs used:     34
   Number with an unused Flip Flop:      10  out of     34    29%  
   Number with an unused LUT:            14  out of     34    41%  
   Number of fully used LUT-FF pairs:    10  out of     34    29%  
   Number of unique control sets:         5

IO Utilization: 
 Number of IOs:                          20
 Number of bonded IOBs:                  20  out of    640     3%  

Specific Feature Utilization:
 Number of BUFG/BUFGCTRLs:                1  out of     32     3%  

---------------------------
Partition Resource Summary:
---------------------------

  No Partitions were found in this design.

---------------------------


=========================================================================
TIMING REPORT

NOTE: THESE TIMING NUMBERS ARE ONLY A SYNTHESIS ESTIMATE.
      FOR ACCURATE TIMING INFORMATION PLEASE REFER TO THE TRACE REPORT
      GENERATED AFTER PLACE-and-ROUTE.

Clock Information:
------------------
-----------------------------------+------------------------+-------+
Clock Signal                       | Clock buffer(FF name)  | Load  |
-----------------------------------+------------------------+-------+
CLK                                | BUFGP                  | 24    |
-----------------------------------+------------------------+-------+

Asynchronous Control Signals Information:
----------------------------------------
No asynchronous control signals found in this design

Timing Summary:
---------------
Speed Grade: -1

   Minimum period: 1.893ns (Maximum Frequency: 528.262MHz)
   Minimum input arrival time before clock: 2.291ns
   Maximum output required time after clock: 3.259ns
   Maximum combinational path delay: No path found

Timing Detail:
--------------
All values displayed in nanoseconds (ns)

=========================================================================
Timing constraint: Default period analysis for Clock 'CLK'
  Clock period: 1.893ns (frequency: 528.262MHz)
  Total number of paths / destination ports: 32 / 8
-------------------------------------------------------------------------
Delay:               1.893ns (Levels of Logic = 2)
  Source:            r3_3 (FF)
  Destination:       CRS_3 (FF)
  Source Clock:      CLK rising
  Destination Clock: CLK rising

  Data Path: r3_3 to CRS_3
                                Gate     Net
    Cell:in->out      fanout   Delay   Delay  Logical Name (Net Name)
    ----------------------------------------  ------------
     FDE:C->Q              2   0.471   1.074  r3_3 (r3_3)
     LUT6:I0->O            1   0.094   0.000  CRT_mux0000<3>1_G (N17)
     MUXF7:I1->O           1   0.254   0.000  CRT_mux0000<3>1 (CRT_mux0000<3>)
     FDE:D                    -0.018          CRT_3
    ----------------------------------------
    Total                      1.893ns (0.819ns logic, 1.074ns route)
                                       (43.3% logic, 56.7% route)

=========================================================================
Timing constraint: Default OFFSET IN BEFORE for Clock 'CLK'
  Total number of paths / destination ports: 144 / 48
-------------------------------------------------------------------------
Offset:              2.291ns (Levels of Logic = 2)
  Source:            RW<1> (PAD)
  Destination:       r1_3 (FF)
  Destination Clock: CLK rising

  Data Path: RW<1> to r1_3
                                Gate     Net
    Cell:in->out      fanout   Delay   Delay  Logical Name (Net Name)
    ----------------------------------------  ------------
     IBUF:I->O            20   0.818   0.814  RW_1_IBUF (RW_1_IBUF)
     LUT3:I0->O            4   0.094   0.352  r1_not00011 (r1_not0001)
     FDE:CE                    0.213          r1_3
    ----------------------------------------
    Total                      2.291ns (1.125ns logic, 1.166ns route)
                                       (49.1% logic, 50.9% route)

=========================================================================
Timing constraint: Default OFFSET OUT AFTER for Clock 'CLK'
  Total number of paths / destination ports: 8 / 8
-------------------------------------------------------------------------
Offset:              3.259ns (Levels of Logic = 1)
  Source:            CRS_0 (FF)
  Destination:       CRS<0> (PAD)
  Source Clock:      CLK rising

  Data Path: CRS_0 to CRS<0>
                                Gate     Net
    Cell:in->out      fanout   Delay   Delay  Logical Name (Net Name)
    ----------------------------------------  ------------
     FDE:C->Q              1   0.471   0.336  CRS_0 (CRS_0)
     OBUF:I->O                 2.452          CRS_0_OBUF (CRS<0>)
    ----------------------------------------
    Total                      3.259ns (2.923ns logic, 0.336ns route)
                                       (89.7% logic, 10.3% route)

=========================================================================


Total REAL time to Xst completion: 15.00 secs
Total CPU time to Xst completion: 14.62 secs
 
--> 

Total memory usage is 270848 kilobytes

Number of errors   :    0 (   0 filtered)
Number of warnings :    4 (   0 filtered)
Number of infos    :    0 (   0 filtered)

