Release 12.4 - xst M.81d (nt64)
Copyright (c) 1995-2010 Xilinx, Inc.  All rights reserved.
--> Parameter TMPDIR set to xst/projnav.tmp


Total REAL time to Xst completion: 0.00 secs
Total CPU time to Xst completion: 0.26 secs
 
--> Parameter xsthdpdir set to xst


Total REAL time to Xst completion: 0.00 secs
Total CPU time to Xst completion: 0.26 secs
 
--> Reading design: Register_File.prj

TABLE OF CONTENTS
  1) Synthesis Options Summary
  2) HDL Compilation
  3) Design Hierarchy Analysis
  4) HDL Analysis
  5) HDL Synthesis
     5.1) HDL Synthesis Report
  6) Advanced HDL Synthesis
     6.1) Advanced HDL Synthesis Report
  7) Low Level Synthesis
  8) Partition Report
  9) Final Report
	9.1) Device utilization summary
	9.2) Partition Resource Summary
	9.3) TIMING REPORT


=========================================================================
*                      Synthesis Options Summary                        *
=========================================================================
---- Source Parameters
Input File Name                    : "Register_File.prj"
Input Format                       : mixed
Ignore Synthesis Constraint File   : NO

---- Target Parameters
Output File Name                   : "Register_File"
Output Format                      : NGC
Target Device                      : xc5vlx110t-1-ff1136

---- Source Options
Top Module Name                    : Register_File
Automatic FSM Extraction           : YES
FSM Encoding Algorithm             : Auto
Safe Implementation                : No
FSM Style                          : LUT
RAM Extraction                     : Yes
RAM Style                          : Auto
ROM Extraction                     : Yes
Mux Style                          : Auto
Decoder Extraction                 : YES
Priority Encoder Extraction        : Yes
Shift Register Extraction          : YES
Logical Shifter Extraction         : YES
XOR Collapsing                     : YES
ROM Style                          : Auto
Mux Extraction                     : Yes
Resource Sharing                   : YES
Asynchronous To Synchronous        : NO
Use DSP Block                      : Auto
Automatic Register Balancing       : No

---- Target Options
LUT Combining                      : Off
Reduce Control Sets                : Off
Add IO Buffers                     : YES
Global Maximum Fanout              : 100000
Add Generic Clock Buffer(BUFG)     : 32
Register Duplication               : YES
Slice Packing                      : YES
Optimize Instantiated Primitives   : NO
Use Clock Enable                   : Auto
Use Synchronous Set                : Auto
Use Synchronous Reset              : Auto
Pack IO Registers into IOBs        : Auto
Equivalent register Removal        : YES

---- General Options
Optimization Goal                  : Speed
Optimization Effort                : 1
Power Reduction                    : NO
Keep Hierarchy                     : No
Netlist Hierarchy                  : As_Optimized
RTL Output                         : Yes
Global Optimization                : AllClockNets
Read Cores                         : YES
Write Timing Constraints           : NO
Cross Clock Analysis               : NO
Hierarchy Separator                : /
Bus Delimiter                      : <>
Case Specifier                     : Maintain
Slice Utilization Ratio            : 100
BRAM Utilization Ratio             : 100
DSP48 Utilization Ratio            : 100
Verilog 2001                       : YES
Auto BRAM Packing                  : NO
Slice Utilization Ratio Delta      : 5

=========================================================================


=========================================================================
*                          HDL Compilation                              *
=========================================================================
Compiling vhdl file "C:/Users/XergioAleX/Documents/Xilinx Projects/ProcesadorMonociclo/Decodificador.vhd" in Library work.
Architecture behavioral of Entity decodificador is up to date.
Compiling vhdl file "C:/Users/XergioAleX/Documents/Xilinx Projects/ProcesadorMonociclo/Multiplexor.vhd" in Library work.
Architecture behavioral of Entity multiplexor_2 is up to date.
Compiling vhdl file "C:/Users/XergioAleX/Documents/Xilinx Projects/ProcesadorMonociclo/Register_File.vhd" in Library work.
Architecture behavioral of Entity register_file is up to date.

=========================================================================
*                     Design Hierarchy Analysis                         *
=========================================================================
Analyzing hierarchy for entity <Register_File> in library <work> (architecture <behavioral>).

Analyzing hierarchy for entity <Decodificador> in library <work> (architecture <behavioral>).

Analyzing hierarchy for entity <Multiplexor_2> in library <work> (architecture <behavioral>).


=========================================================================
*                            HDL Analysis                               *
=========================================================================
Analyzing Entity <Register_File> in library <work> (Architecture <behavioral>).
Entity <Register_File> analyzed. Unit <Register_File> generated.

Analyzing Entity <Decodificador> in library <work> (Architecture <behavioral>).
INFO:Xst:1561 - "C:/Users/XergioAleX/Documents/Xilinx Projects/ProcesadorMonociclo/Decodificador.vhd" line 39: Mux is complete : default of case is discarded
Entity <Decodificador> analyzed. Unit <Decodificador> generated.

Analyzing Entity <Multiplexor_2> in library <work> (Architecture <behavioral>).
INFO:Xst:1561 - "C:/Users/XergioAleX/Documents/Xilinx Projects/ProcesadorMonociclo/Multiplexor.vhd" line 28: Mux is complete : default of case is discarded
Entity <Multiplexor_2> analyzed. Unit <Multiplexor_2> generated.


=========================================================================
*                           HDL Synthesis                               *
=========================================================================

Performing bidirectional port resolution...

Synthesizing Unit <Decodificador>.
    Related source file is "C:/Users/XergioAleX/Documents/Xilinx Projects/ProcesadorMonociclo/Decodificador.vhd".
Unit <Decodificador> synthesized.


Synthesizing Unit <Multiplexor_2>.
    Related source file is "C:/Users/XergioAleX/Documents/Xilinx Projects/ProcesadorMonociclo/Multiplexor.vhd".
Unit <Multiplexor_2> synthesized.


Synthesizing Unit <Register_File>.
    Related source file is "C:/Users/XergioAleX/Documents/Xilinx Projects/ProcesadorMonociclo/Register_File.vhd".
    Found 4-bit register for signal <r0>.
    Found 4-bit register for signal <r1>.
    Found 4-bit register for signal <r2>.
    Found 4-bit register for signal <r3>.
    Summary:
	inferred  16 D-type flip-flop(s).
Unit <Register_File> synthesized.


=========================================================================
HDL Synthesis Report

Macro Statistics
# Registers                                            : 4
 4-bit register                                        : 4

=========================================================================

=========================================================================
*                       Advanced HDL Synthesis                          *
=========================================================================


=========================================================================
Advanced HDL Synthesis Report

Macro Statistics
# Registers                                            : 16
 Flip-Flops                                            : 16

=========================================================================

=========================================================================
*                         Low Level Synthesis                           *
=========================================================================

Optimizing unit <Register_File> ...

Mapping all equations...
Building and optimizing final netlist ...
Found area constraint ratio of 100 (+ 5) on block Register_File, actual ratio is 0.

Final Macro Processing ...

=========================================================================
Final Register Report

Macro Statistics
# Registers                                            : 16
 Flip-Flops                                            : 16

=========================================================================

=========================================================================
*                           Partition Report                            *
=========================================================================

Partition Implementation Status
-------------------------------

  No Partitions were found in this design.

-------------------------------

=========================================================================
*                            Final Report                               *
=========================================================================
Final Results
RTL Top Level Output File Name     : Register_File.ngr
Top Level Output File Name         : Register_File
Output Format                      : NGC
Optimization Goal                  : Speed
Keep Hierarchy                     : No

Design Statistics
# IOs                              : 20

Cell Usage :
# BELS                             : 12
#      LUT3                        : 4
#      LUT6                        : 8
# FlipFlops/Latches                : 16
#      FDE                         : 16
# Clock Buffers                    : 1
#      BUFGP                       : 1
# IO Buffers                       : 19
#      IBUF                        : 11
#      OBUF                        : 8
=========================================================================

Device utilization summary:
---------------------------

Selected Device : 5vlx110tff1136-1 


Slice Logic Utilization: 
 Number of Slice Registers:              16  out of  69120     0%  
 Number of Slice LUTs:                   12  out of  69120     0%  
    Number used as Logic:                12  out of  69120     0%  

Slice Logic Distribution: 
 Number of LUT Flip Flop pairs used:     18
   Number with an unused Flip Flop:       2  out of     18    11%  
   Number with an unused LUT:             6  out of     18    33%  
   Number of fully used LUT-FF pairs:    10  out of     18    55%  
   Number of unique control sets:         4

IO Utilization: 
 Number of IOs:                          20
 Number of bonded IOBs:                  20  out of    640     3%  

Specific Feature Utilization:
 Number of BUFG/BUFGCTRLs:                1  out of     32     3%  

---------------------------
Partition Resource Summary:
---------------------------

  No Partitions were found in this design.

---------------------------


=========================================================================
TIMING REPORT

NOTE: THESE TIMING NUMBERS ARE ONLY A SYNTHESIS ESTIMATE.
      FOR ACCURATE TIMING INFORMATION PLEASE REFER TO THE TRACE REPORT
      GENERATED AFTER PLACE-and-ROUTE.

Clock Information:
------------------
-----------------------------------+------------------------+-------+
Clock Signal                       | Clock buffer(FF name)  | Load  |
-----------------------------------+------------------------+-------+
clk                                | BUFGP                  | 16    |
-----------------------------------+------------------------+-------+

Asynchronous Control Signals Information:
----------------------------------------
No asynchronous control signals found in this design

Timing Summary:
---------------
Speed Grade: -1

   Minimum period: No path found
   Minimum input arrival time before clock: 2.203ns
   Maximum output required time after clock: 4.331ns
   Maximum combinational path delay: 4.785ns

Timing Detail:
--------------
All values displayed in nanoseconds (ns)

=========================================================================
Timing constraint: Default OFFSET IN BEFORE for Clock 'clk'
  Total number of paths / destination ports: 64 / 32
-------------------------------------------------------------------------
Offset:              2.203ns (Levels of Logic = 2)
  Source:            rwe (PAD)
  Destination:       r0_0 (FF)
  Destination Clock: clk rising

  Data Path: rwe to r0_0
                                Gate     Net
    Cell:in->out      fanout   Delay   Delay  Logical Name (Net Name)
    ----------------------------------------  ------------
     IBUF:I->O             4   0.818   0.726  rwe_IBUF (rwe_IBUF)
     LUT3:I0->O            4   0.094   0.352  dec/er31 (er3)
     FDE:CE                    0.213          r3_0
    ----------------------------------------
    Total                      2.203ns (1.125ns logic, 1.078ns route)
                                       (51.1% logic, 48.9% route)

=========================================================================
Timing constraint: Default OFFSET OUT AFTER for Clock 'clk'
  Total number of paths / destination ports: 32 / 8
-------------------------------------------------------------------------
Offset:              4.331ns (Levels of Logic = 2)
  Source:            r3_3 (FF)
  Destination:       crs<3> (PAD)
  Source Clock:      clk rising

  Data Path: r3_3 to crs<3>
                                Gate     Net
    Cell:in->out      fanout   Delay   Delay  Logical Name (Net Name)
    ----------------------------------------  ------------
     FDE:C->Q              2   0.471   0.978  r3_3 (r3_3)
     LUT6:I1->O            1   0.094   0.336  muxrt/salida<3>1 (crt_3_OBUF)
     OBUF:I->O                 2.452          crt_3_OBUF (crt<3>)
    ----------------------------------------
    Total                      4.331ns (3.017ns logic, 1.314ns route)
                                       (69.7% logic, 30.3% route)

=========================================================================
Timing constraint: Default path analysis
  Total number of paths / destination ports: 16 / 8
-------------------------------------------------------------------------
Delay:               4.785ns (Levels of Logic = 3)
  Source:            rs<1> (PAD)
  Destination:       crs<3> (PAD)

  Data Path: rs<1> to crs<3>
                                Gate     Net
    Cell:in->out      fanout   Delay   Delay  Logical Name (Net Name)
    ----------------------------------------  ------------
     IBUF:I->O             4   0.818   1.085  rs_1_IBUF (rs_1_IBUF)
     LUT6:I0->O            1   0.094   0.336  muxrs/salida<3>1 (crs_3_OBUF)
     OBUF:I->O                 2.452          crs_3_OBUF (crs<3>)
    ----------------------------------------
    Total                      4.785ns (3.364ns logic, 1.421ns route)
                                       (70.3% logic, 29.7% route)

=========================================================================


Total REAL time to Xst completion: 15.00 secs
Total CPU time to Xst completion: 15.02 secs
 
--> 

Total memory usage is 270720 kilobytes

Number of errors   :    0 (   0 filtered)
Number of warnings :    0 (   0 filtered)
Number of infos    :    2 (   0 filtered)

